
> alleato-procore@0.1.0 typecheck
> tsc --noEmit

src/app/(chat)/simple-chat/page.tsx(191,41): error TS2578: Unused '@ts-expect-error' directive.
src/app/(main)/[projectId]/photos/page.tsx(5,33): error TS2307: Cannot find module '@supabase/storage-js' or its corresponding type declarations.
src/components/docs/markdown-renderer.tsx(114,19): error TS2578: Unused '@ts-expect-error' directive.
src/components/ui/sparkles.tsx(4,48): error TS2307: Cannot find module '@tsparticles/react' or its corresponding type declarations.
src/components/ui/sparkles.tsx(5,50): error TS2307: Cannot find module '@tsparticles/engine' or its corresponding type declarations.
src/components/ui/sparkles.tsx(6,26): error TS2307: Cannot find module '@tsparticles/slim' or its corresponding type declarations.
