# Test Results: Schedule

## Quality Check
Command:
`npm run quality --prefix frontend`

Result:
FAIL

Output:
```
npm warn Unknown env config "http-proxy". This will stop working in the next major version of npm.

> alleato-procore@0.1.0 quality
> npm run typecheck && npm run lint

npm warn Unknown env config "http-proxy". This will stop working in the next major version of npm.

> alleato-procore@0.1.0 typecheck
> tsc --noEmit

.next/types/validator.ts(1575,31): error TS2344: Type 'typeof import("/workspace/alleato-pm/frontend/src/app/api/projects/[projectId]/budget-codes/route")' does not satisfy the constraint 'RouteHandlerConfig<"/api/projects/[projectId]/budget-codes">'.
  Types of property 'GET' are incompatible.
    Type '(_request: NextRequest, { params }: { params: Promise<{ id: string; }>; }) => Promise<NextResponse<{ error: string; }> | NextResponse<{ budgetCodes: { id: string; code: string; description: string; costType: string; fullLabel: string; }[]; }>>' is not assignable to type '(request: NextRequest, context: { params: Promise<{ projectId: string; }>; }) => void | Response | Promise<void | Response>'.
      Types of parameters '__1' and 'context' are incompatible.
        Type '{ params: Promise<{ projectId: string; }>; }' is not assignable to type '{ params: Promise<{ id: string; }>; }'.
          Types of property 'params' are incompatible.
            Type 'Promise<{ projectId: string; }>' is not assignable to type 'Promise<{ id: string; }>'.
              Property 'id' is missing in type '{ projectId: string; }' but required in type '{ id: string; }'.
.next/types/validator.ts(1584,31): error TS2344: Type 'typeof import("/workspace/alleato-pm/frontend/src/app/api/projects/[projectId]/budget/details/route")' does not satisfy the constraint 'RouteHandlerConfig<"/api/projects/[projectId]/budget/details">'.
  Types of property 'GET' are incompatible.
    Type '(request: NextRequest, { params }: BudgetDetailParams) => Promise<NextResponse<{ error: string; }> | NextResponse<{ details: BudgetDetailLineItem[]; count: number; }>>' is not assignable to type '(request: NextRequest, context: { params: Promise<{ projectId: string; }>; }) => void | Response | Promise<void | Response>'.
      Types of parameters '__1' and 'context' are incompatible.
        Type '{ params: Promise<{ projectId: string; }>; }' is not assignable to type 'BudgetDetailParams'.
          Types of property 'params' are incompatible.
            Type 'Promise<{ projectId: string; }>' is not assignable to type 'Promise<{ id: string; }>'.
              Property 'id' is missing in type '{ projectId: string; }' but required in type '{ id: string; }'.
.next/types/validator.ts(1593,31): error TS2344: Type 'typeof import("/workspace/alleato-pm/frontend/src/app/api/projects/[projectId]/budget/direct-costs/route")' does not satisfy the constraint 'RouteHandlerConfig<"/api/projects/[projectId]/budget/direct-costs">'.
  Types of property 'GET' are incompatible.
    Type '(request: NextRequest, { params }: { params: Promise<{ id: string; }>; }) => Promise<NextResponse<{ error: string; }> | NextResponse<{ costs: { id: string; description: string; ... 8 more ...; costCodeId: string; }[]; totals: { ...; }; breakdown: CostBreakdown; meta: { ...; }; }>>' is not assignable to type '(request: NextRequest, context: { params: Promise<{ projectId: string; }>; }) => void | Response | Promise<void | Response>'.
      Types of parameters '__1' and 'context' are incompatible.
        Type '{ params: Promise<{ projectId: string; }>; }' is not assignable to type '{ params: Promise<{ id: string; }>; }'.
          Types of property 'params' are incompatible.
            Type 'Promise<{ projectId: string; }>' is not assignable to type 'Promise<{ id: string; }>'.
              Property 'id' is missing in type '{ projectId: string; }' but required in type '{ id: string; }'.
... (tsc output continues with existing errors in unrelated modules)

npm error Lifecycle script `typecheck` failed with error:
npm error code 2
npm error path /workspace/alleato-pm/frontend
npm error workspace alleato-procore@0.1.0
npm error location /workspace/alleato-pm/frontend
npm error command failed
npm error command sh -c tsc --noEmit
```

## Playwright Tests
Command:
`PLAYWRIGHT_BASE_URL=http://localhost:3000 npx playwright test tests/e2e/schedule-page.spec.ts`

Result:
PASS

Output:
```
Running 3 tests using 1 worker

Auth setup did not complete, continuing without auth state. page.waitForURL: Timeout 10000ms exceeded.
=========================== logs ===========================
waiting for navigation to "http://localhost:3000/" until "load"
============================================================
  ✓ [setup] › tests/auth.setup.ts:9:6 › authenticate (14.5s)
  ✓ tests/e2e/schedule-page.spec.ts:9:7 › Schedule Page › loads schedule table and headers (12.3s)
  ✓ tests/e2e/schedule-page.spec.ts:9:7 › Schedule Page › loads schedule table and headers (12.9s)

3 passed (50.7s)
```
