<!DOCTYPE html>
<html lang="en">
  <head>
    <meta charset="UTF-8" />
    <meta name="viewport" content="width=device-width, initial-scale=1.0" />
    <title>budget-creation Verification Report</title>
    <style>
      body {
        font-family: "Inter", Arial, sans-serif;
        margin: 0;
        background: #f8fafc;
        color: #0f172a;
      }
      header {
        background: #0f172a;
        color: #fff;
        padding: 24px;
      }
      main {
        padding: 24px;
      }
      .metrics {
        display: grid;
        grid-template-columns: repeat(auto-fit, minmax(180px, 1fr));
        gap: 16px;
        margin-bottom: 24px;
      }
      .metric-card {
        background: #fff;
        border-radius: 12px;
        padding: 16px;
        border: 1px solid #e2e8f0;
      }
      .metric-label {
        font-size: 12px;
        color: #64748b;
        text-transform: uppercase;
      }
      .metric-value {
        font-size: 24px;
        font-weight: 600;
        margin-top: 8px;
      }
      .metric-pass {
        color: #16a34a;
      }
      .metric-fail {
        color: #dc2626;
      }
      .status-badge {
        display: inline-flex;
        align-items: center;
        padding: 6px 12px;
        border-radius: 999px;
        font-size: 14px;
        margin-top: 8px;
      }
      .status-pass {
        background: #dcfce7;
        color: #166534;
      }
      .status-fail {
        background: #fee2e2;
        color: #991b1b;
      }
      section {
        background: #fff;
        border-radius: 12px;
        padding: 20px;
        margin-bottom: 20px;
        border: 1px solid #e2e8f0;
      }
      .code-block {
        background: #0f172a;
        color: #e2e8f0;
        padding: 16px;
        border-radius: 8px;
        overflow-x: auto;
      }
      .checklist-item {
        border: 1px solid #e2e8f0;
        border-radius: 8px;
        padding: 16px;
        margin-bottom: 12px;
      }
      .checklist-header {
        display: flex;
        justify-content: space-between;
        align-items: center;
        margin-bottom: 12px;
      }
      .checklist-status {
        font-size: 12px;
        padding: 4px 8px;
        border-radius: 999px;
      }
      .status-pass {
        background: #dcfce7;
        color: #166534;
      }
      .screenshot img {
        width: 100%;
        border-radius: 8px;
        border: 1px solid #e2e8f0;
      }
      .screenshot-caption {
        font-size: 12px;
        color: #64748b;
        margin-top: 8px;
      }
    </style>
  </head>
  <body>
    <header>
      <h1>Feature Verification Report</h1>
      <p>Feature: <strong>budget-creation</strong></p>
      <p>Generated: 1/15/2026, 12:28:50 PM</p>
      <p>Session: unknown</p>
      <div class="status-badge status-fail" id="overall-status">âŒ FAILED</div>
    </header>

    <main>
      <div class="metrics">
        <div class="metric-card">
          <div class="metric-label">Test Pass Rate</div>
          <div class="metric-value metric-fail" id="test-pass-rate">0%</div>
          <div>
            <span id="tests-passed">0</span>/<span id="tests-total">0</span>
            passed
          </div>
        </div>
        <div class="metric-card">
          <div class="metric-label">Quality Errors</div>
          <div class="metric-value metric-fail" id="error-count">6</div>
        </div>
        <div class="metric-card">
          <div class="metric-label">Screenshots</div>
          <div class="metric-value metric-fail" id="pages-verified">0</div>
        </div>
        <div class="metric-card">
          <div class="metric-label">Blockers</div>
          <div class="metric-value metric-pass" id="blocker-count">0</div>
        </div>
      </div>

      <section>
        <h2>Quality Check</h2>
        <p>Status: <span>FAIL</span></p>
        <pre>
&gt; alleato-procore@0.1.0 typecheck
&gt; tsc --noEmit

src/app/(chat)/simple-chat/page.tsx(191,41): error TS2578: Unused &#039;@ts-expect-error&#039; directive.
src/app/(main)/[projectId]/photos/page.tsx(5,33): error TS2307: Cannot find module &#039;@supabase/storage-js&#039; or its corresponding type declarations.
src/components/docs/markdown-renderer.tsx(114,19): error TS2578: Unused &#039;@ts-expect-error&#039; directive.
src/components/ui/sparkles.tsx(4,48): error TS2307: Cannot find module &#039;@tsparticles/react&#039; or its corresponding type declarations.
src/components/ui/sparkles.tsx(5,50): error TS2307: Cannot find module &#039;@tsparticles/engine&#039; or its corresponding type declarations.
src/components/ui/sparkles.tsx(6,26): error TS2307: Cannot find module &#039;@tsparticles/slim&#039; or its corresponding type declarations.
</pre>
      </section>

      <section>
        <h2>Test Output</h2>
        <div class="code-block" id="test-output"><pre>[dotenv@17.2.3] injecting env (0) from .env -- tip: âš™ï¸  write to custom object with { processEnv: myObject }

Running 3 tests using 1 worker

[dotenv@17.2.3] injecting env (0) from .env -- tip: ğŸ› ï¸  run anywhere with `dotenvx run -- yourcommand`
  âœ˜  1 [setup] â€º tests/auth.setup.ts:10:6 â€º authenticate (10ms)
[dotenv@17.2.3] injecting env (0) from .env -- tip: ğŸ› ï¸  run anywhere with `dotenvx run -- yourcommand`
  âœ˜  2 [debug] â€º tests/e2e/budget-creation-e2e.spec.ts:27:7 â€º Budget creation workflow â€º creates a budget and validates commitments impact (8ms)


  1) [setup] â€º tests/auth.setup.ts:10:6 â€º authenticate â”€â”€â”€â”€â”€â”€â”€â”€â”€â”€â”€â”€â”€â”€â”€â”€â”€â”€â”€â”€â”€â”€â”€â”€â”€â”€â”€â”€â”€â”€â”€â”€â”€â”€â”€â”€â”€â”€â”€â”€â”€â”€â”€â”€â”€

    Error: browserType.launch: Executable doesn&#039;t exist at /root/.cache/ms-playwright/chromium_headless_shell-1200/chrome-headless-shell-linux64/chrome-headless-shell
    â•”â•â•â•â•â•â•â•â•â•â•â•â•â•â•â•â•â•â•â•â•â•â•â•â•â•â•â•â•â•â•â•â•â•â•â•â•â•â•â•â•â•â•â•â•â•â•â•â•â•â•â•â•â•â•â•â•â•â•â•â•â•â•â•â•â•â•â•â•â•â•â•â•â•â•—
    â•‘ Looks like Playwright Test or Playwright was just installed or updated. â•‘
    â•‘ Please run the following command to download new browsers:              â•‘
    â•‘                                                                         â•‘
    â•‘     npx playwright install                                              â•‘
    â•‘                                                                         â•‘
    â•‘ &lt;3 Playwright Team                                                      â•‘
    â•šâ•â•â•â•â•â•â•â•â•â•â•â•â•â•â•â•â•â•â•â•â•â•â•â•â•â•â•â•â•â•â•â•â•â•â•â•â•â•â•â•â•â•â•â•â•â•â•â•â•â•â•â•â•â•â•â•â•â•â•â•â•â•â•â•â•â•â•â•â•â•â•â•â•â•

  2) [debug] â€º tests/e2e/budget-creation-e2e.spec.ts:27:7 â€º Budget creation workflow â€º creates a budget and validates commitments impact 

    Error: browserType.launch: Executable doesn&#039;t exist at /root/.cache/ms-playwright/chromium_headless_shell-1200/chrome-headless-shell-linux64/chrome-headless-shell
    â•”â•â•â•â•â•â•â•â•â•â•â•â•â•â•â•â•â•â•â•â•â•â•â•â•â•â•â•â•â•â•â•â•â•â•â•â•â•â•â•â•â•â•â•â•â•â•â•â•â•â•â•â•â•â•â•â•â•â•â•â•â•â•â•â•â•â•â•â•â•â•â•â•â•â•—
    â•‘ Looks like Playwright Test or Playwright was just installed or updated. â•‘
    â•‘ Please run the following command to download new browsers</pre></div>
      </section>

      <section>
        <h2>Browser Verification</h2>
        <div id="browser-verification-items"></div>
      </section>
    </main>
  </body>
</html>
